<?xml version="1.0" encoding="UTF-8"?>
<testsuite name="com.xdesign.hackronym.slash.acronym.AcronymCommandTest" tests="2" skipped="0" failures="0" errors="0" timestamp="2023-01-18T15:38:15" hostname="TN4L5WKY63" time="1.153">
  <properties/>
  <testcase name="shouldCallAcronymRetriever()" classname="com.xdesign.hackronym.slash.acronym.AcronymCommandTest" time="1.146"/>
  <testcase name="shouldReturnNiceMessageIfNotFound()" classname="com.xdesign.hackronym.slash.acronym.AcronymCommandTest" time="0.004"/>
  <system-out><![CDATA[]]></system-out>
  <system-err><![CDATA[]]></system-err>
</testsuite>
