<?xml version="1.0" encoding="UTF-8"?>
<testsuite name="com.xdesign.cake.contents.bean.ContentsBeanPostProcessorTest" tests="1" skipped="0" failures="0" errors="0" timestamp="2022-12-16T15:22:53" hostname="TN4L5WKY63" time="0.171">
  <properties/>
  <testcase name="shouldGenerateGitHubURLFromClassName()" classname="com.xdesign.cake.contents.bean.ContentsBeanPostProcessorTest" time="0.171"/>
  <system-out><![CDATA[]]></system-out>
  <system-err><![CDATA[]]></system-err>
</testsuite>
