<?xml version="1.0" encoding="UTF-8"?>
<testsuite name="com.xdesign.hackronym.slash.acronym.AcronymGetAllCommandTest" tests="1" skipped="0" failures="0" errors="0" timestamp="2023-01-18T17:40:08" hostname="TN4L5WKY63" time="0.381">
  <properties/>
  <testcase name="shouldCallAcronymRetriever()" classname="com.xdesign.hackronym.slash.acronym.AcronymGetAllCommandTest" time="0.381"/>
  <system-out><![CDATA[]]></system-out>
  <system-err><![CDATA[]]></system-err>
</testsuite>
