<?xml version="1.0" encoding="UTF-8"?>
<testsuite name="com.xdesign.cake.teachers.StreamsTeacherTest" tests="2" skipped="0" failures="0" errors="0" timestamp="2022-12-16T15:22:57" hostname="TN4L5WKY63" time="0.038">
  <properties/>
  <testcase name="shouldCallDemonstrator()" classname="com.xdesign.cake.teachers.StreamsTeacherTest" time="0.014"/>
  <testcase name="shouldHaveAResultWithAllFields()" classname="com.xdesign.cake.teachers.StreamsTeacherTest" time="0.013"/>
  <system-out><![CDATA[]]></system-out>
  <system-err><![CDATA[]]></system-err>
</testsuite>
