<?xml version="1.0" encoding="UTF-8"?>
<testsuite name="com.xdesign.cake.slash.learning.LearnStreamsCommandTest" tests="2" skipped="0" failures="0" errors="0" timestamp="2022-12-16T15:22:57" hostname="TN4L5WKY63" time="0.015">
  <properties/>
  <testcase name="shouldCallController()" classname="com.xdesign.cake.slash.learning.LearnStreamsCommandTest" time="0.012"/>
  <testcase name="shouldHaveAResponseWithAMessageInIt()" classname="com.xdesign.cake.slash.learning.LearnStreamsCommandTest" time="0.002"/>
  <system-out><![CDATA[]]></system-out>
  <system-err><![CDATA[]]></system-err>
</testsuite>
