<?xml version="1.0" encoding="UTF-8"?>
<testsuite name="com.xdesign.cake.controller.StreamsControllerTest" tests="10" skipped="0" failures="0" errors="0" timestamp="2022-12-16T15:22:56" hostname="TN4L5WKY63" time="0.115">
  <properties/>
  <testcase name="[1] streamsType=FOREACH" classname="com.xdesign.cake.controller.StreamsControllerTest" time="0.019"/>
  <testcase name="[2] streamsType=SUM" classname="com.xdesign.cake.controller.StreamsControllerTest" time="0.01"/>
  <testcase name="[3] streamsType=FUNCTION" classname="com.xdesign.cake.controller.StreamsControllerTest" time="0.011"/>
  <testcase name="[4] streamsType=CONSUMER" classname="com.xdesign.cake.controller.StreamsControllerTest" time="0.007"/>
  <testcase name="[5] streamsType=PREDICATE" classname="com.xdesign.cake.controller.StreamsControllerTest" time="0.006"/>
  <testcase name="[6] streamsType=SUPPLIER" classname="com.xdesign.cake.controller.StreamsControllerTest" time="0.009"/>
  <testcase name="[7] streamsType=BIFUNCTION" classname="com.xdesign.cake.controller.StreamsControllerTest" time="0.009"/>
  <testcase name="[8] streamsType=CREATION" classname="com.xdesign.cake.controller.StreamsControllerTest" time="0.009"/>
  <testcase name="[9] streamsType=PREDICATE2" classname="com.xdesign.cake.controller.StreamsControllerTest" time="0.01"/>
  <testcase name="[10] streamsType=CHECK_VALUE" classname="com.xdesign.cake.controller.StreamsControllerTest" time="0.007"/>
  <system-out><![CDATA[2022-12-16 15:22:56.481  INFO 99616 --- [    Test worker] .b.t.a.w.s.WebMvcTestContextBootstrapper : Neither @ContextConfiguration nor @ContextHierarchy found for test class [com.xdesign.cake.controller.StreamsControllerTest], using SpringBootContextLoader
2022-12-16 15:22:56.486  INFO 99616 --- [    Test worker] o.s.t.c.support.AbstractContextLoader    : Could not detect default resource locations for test class [com.xdesign.cake.controller.StreamsControllerTest]: no resource found for suffixes {-context.xml, Context.groovy}.
2022-12-16 15:22:56.487  INFO 99616 --- [    Test worker] t.c.s.AnnotationConfigContextLoaderUtils : Could not detect default configuration classes for test class [com.xdesign.cake.controller.StreamsControllerTest]: StreamsControllerTest does not declare any static, non-private, non-final, nested classes annotated with @Configuration.
2022-12-16 15:22:56.503  INFO 99616 --- [    Test worker] .b.t.c.SpringBootTestContextBootstrapper : Found @SpringBootConfiguration com.xdesign.cake.CakeApplication for test class com.xdesign.cake.controller.StreamsControllerTest
2022-12-16 15:22:56.503  INFO 99616 --- [    Test worker] .b.t.a.w.s.WebMvcTestContextBootstrapper : Loaded default TestExecutionListener class names from location [META-INF/spring.factories]: [org.springframework.boot.test.autoconfigure.restdocs.RestDocsTestExecutionListener, org.springframework.boot.test.autoconfigure.web.client.MockRestServiceServerResetTestExecutionListener, org.springframework.boot.test.autoconfigure.web.servlet.MockMvcPrintOnlyOnFailureTestExecutionListener, org.springframework.boot.test.autoconfigure.web.servlet.WebDriverTestExecutionListener, org.springframework.boot.test.autoconfigure.webservices.client.MockWebServiceServerTestExecutionListener, org.springframework.boot.test.mock.mockito.MockitoTestExecutionListener, org.springframework.boot.test.mock.mockito.ResetMocksTestExecutionListener, org.springframework.test.context.web.ServletTestExecutionListener, org.springframework.test.context.support.DirtiesContextBeforeModesTestExecutionListener, org.springframework.test.context.event.ApplicationEventsTestExecutionListener, org.springframework.test.context.support.DependencyInjectionTestExecutionListener, org.springframework.test.context.support.DirtiesContextTestExecutionListener, org.springframework.test.context.transaction.TransactionalTestExecutionListener, org.springframework.test.context.jdbc.SqlScriptsTestExecutionListener, org.springframework.test.context.event.EventPublishingTestExecutionListener]
2022-12-16 15:22:56.504  INFO 99616 --- [    Test worker] .b.t.a.w.s.WebMvcTestContextBootstrapper : Using TestExecutionListeners: [org.springframework.test.context.web.ServletTestExecutionListener@747216b6, org.springframework.test.context.support.DirtiesContextBeforeModesTestExecutionListener@7ee6d5fd, org.springframework.test.context.event.ApplicationEventsTestExecutionListener@358bbbe2, org.springframework.boot.test.mock.mockito.MockitoTestExecutionListener@7b9e7633, org.springframework.boot.test.autoconfigure.SpringBootDependencyInjectionTestExecutionListener@1fbd0850, org.springframework.test.context.support.DirtiesContextTestExecutionListener@57bc7f67, org.springframework.test.context.transaction.TransactionalTestExecutionListener@3f808ad9, org.springframework.test.context.jdbc.SqlScriptsTestExecutionListener@37a74cf4, org.springframework.test.context.event.EventPublishingTestExecutionListener@40af3dd8, org.springframework.boot.test.autoconfigure.restdocs.RestDocsTestExecutionListener@745c25ed, org.springframework.boot.test.autoconfigure.web.client.MockRestServiceServerResetTestExecutionListener@4fb1bffd, org.springframework.boot.test.autoconfigure.web.servlet.MockMvcPrintOnlyOnFailureTestExecutionListener@427c9a13, org.springframework.boot.test.autoconfigure.web.servlet.WebDriverTestExecutionListener@7b842e79, org.springframework.boot.test.autoconfigure.webservices.client.MockWebServiceServerTestExecutionListener@6e620fa9, org.springframework.boot.test.mock.mockito.ResetMocksTestExecutionListener@2cee1bcf]
______ _                 _____  __   _____       _        
| ___ (_)               |  _  |/ _| /  __ \     | |       
| |_/ /_  ___  ___ ___  | | | | |_  | /  \/ __ _| | _____ 
|  __/| |/ _ \/ __/ _ \ | | | |  _| | |    / _` | |/ / _ \
| |   | |  __/ (_|  __/ \ \_/ / |   | \__/\ (_| |   <  __/
\_|   |_|\___|\___\___|  \___/|_|    \____/\__,_|_|\_\___|
                                                          
                                                          
2022-12-16 15:22:56.539  INFO 99616 --- [    Test worker] c.x.c.controller.StreamsControllerTest   : Starting StreamsControllerTest using Java 11.0.14.1 on TN4L5WKY63 with PID 99616 (started by mikesmith in /Users/mikesmith/code/personal/cake)
2022-12-16 15:22:56.539  INFO 99616 --- [    Test worker] c.x.c.controller.StreamsControllerTest   : No active profile set, falling back to 1 default profile: "default"
2022-12-16 15:22:56.971  INFO 99616 --- [    Test worker] o.s.b.t.m.w.SpringBootMockServletContext : Initializing Spring TestDispatcherServlet ''
2022-12-16 15:22:56.971  INFO 99616 --- [    Test worker] o.s.t.web.servlet.TestDispatcherServlet  : Initializing Servlet ''
2022-12-16 15:22:56.972  INFO 99616 --- [    Test worker] o.s.t.web.servlet.TestDispatcherServlet  : Completed initialization in 1 ms
2022-12-16 15:22:56.987  INFO 99616 --- [    Test worker] c.x.c.controller.StreamsControllerTest   : Started StreamsControllerTest in 0.479 seconds (JVM running for 13.011)

MockHttpServletRequest:
      HTTP Method = GET
      Request URI = /java/streams
       Parameters = {}
          Headers = [Content-Type:"application/json;charset=UTF-8", Accept:"application/json", Content-Length:"51"]
             Body = {"taskType":"FOREACH","parameters":["thisisatest"]}
    Session Attrs = {}

Handler:
             Type = com.xdesign.cake.controller.StreamsController
           Method = com.xdesign.cake.controller.StreamsController#runLearningMaterial(Task)

Async:
    Async started = false
     Async result = null

Resolved Exception:
             Type = null

ModelAndView:
        View name = null
             View = null
            Model = null

FlashMap:
       Attributes = null

MockHttpServletResponse:
           Status = 200
    Error message = null
          Headers = [Content-Type:"application/json"]
     Content type = application/json
             Body = {"type":"FOREACH","value":"tsetasisiht","sourceCode":null,"description":null}
    Forwarded URL = null
   Redirected URL = null
          Cookies = []

MockHttpServletRequest:
      HTTP Method = GET
      Request URI = /java/streams
       Parameters = {}
          Headers = [Content-Type:"application/json;charset=UTF-8", Accept:"application/json", Content-Length:"47"]
             Body = {"taskType":"SUM","parameters":["thisisatest"]}
    Session Attrs = {}

Handler:
             Type = com.xdesign.cake.controller.StreamsController
           Method = com.xdesign.cake.controller.StreamsController#runLearningMaterial(Task)

Async:
    Async started = false
     Async result = null

Resolved Exception:
             Type = null

ModelAndView:
        View name = null
             View = null
            Model = null

FlashMap:
       Attributes = null

MockHttpServletResponse:
           Status = 200
    Error message = null
          Headers = [Content-Type:"application/json"]
     Content type = application/json
             Body = {"type":"SUM","value":"tsetasisiht","sourceCode":null,"description":null}
    Forwarded URL = null
   Redirected URL = null
          Cookies = []

MockHttpServletRequest:
      HTTP Method = GET
      Request URI = /java/streams
       Parameters = {}
          Headers = [Content-Type:"application/json;charset=UTF-8", Accept:"application/json", Content-Length:"52"]
             Body = {"taskType":"FUNCTION","parameters":["thisisatest"]}
    Session Attrs = {}

Handler:
             Type = com.xdesign.cake.controller.StreamsController
           Method = com.xdesign.cake.controller.StreamsController#runLearningMaterial(Task)

Async:
    Async started = false
     Async result = null

Resolved Exception:
             Type = null

ModelAndView:
        View name = null
             View = null
            Model = null

FlashMap:
       Attributes = null

MockHttpServletResponse:
           Status = 200
    Error message = null
          Headers = [Content-Type:"application/json"]
     Content type = application/json
             Body = {"type":"FUNCTION","value":"tsetasisiht","sourceCode":null,"description":null}
    Forwarded URL = null
   Redirected URL = null
          Cookies = []

MockHttpServletRequest:
      HTTP Method = GET
      Request URI = /java/streams
       Parameters = {}
          Headers = [Content-Type:"application/json;charset=UTF-8", Accept:"application/json", Content-Length:"52"]
             Body = {"taskType":"CONSUMER","parameters":["thisisatest"]}
    Session Attrs = {}

Handler:
             Type = com.xdesign.cake.controller.StreamsController
           Method = com.xdesign.cake.controller.StreamsController#runLearningMaterial(Task)

Async:
    Async started = false
     Async result = null

Resolved Exception:
             Type = null

ModelAndView:
        View name = null
             View = null
            Model = null

FlashMap:
       Attributes = null

MockHttpServletResponse:
           Status = 200
    Error message = null
          Headers = [Content-Type:"application/json"]
     Content type = application/json
             Body = {"type":"CONSUMER","value":"tsetasisiht","sourceCode":null,"description":null}
    Forwarded URL = null
   Redirected URL = null
          Cookies = []

MockHttpServletRequest:
      HTTP Method = GET
      Request URI = /java/streams
       Parameters = {}
          Headers = [Content-Type:"application/json;charset=UTF-8", Accept:"application/json", Content-Length:"53"]
             Body = {"taskType":"PREDICATE","parameters":["thisisatest"]}
    Session Attrs = {}

Handler:
             Type = com.xdesign.cake.controller.StreamsController
           Method = com.xdesign.cake.controller.StreamsController#runLearningMaterial(Task)

Async:
    Async started = false
     Async result = null

Resolved Exception:
             Type = null

ModelAndView:
        View name = null
             View = null
            Model = null

FlashMap:
       Attributes = null

MockHttpServletResponse:
           Status = 200
    Error message = null
          Headers = [Content-Type:"application/json"]
     Content type = application/json
             Body = {"type":"PREDICATE","value":"tsetasisiht","sourceCode":null,"description":null}
    Forwarded URL = null
   Redirected URL = null
          Cookies = []

MockHttpServletRequest:
      HTTP Method = GET
      Request URI = /java/streams
       Parameters = {}
          Headers = [Content-Type:"application/json;charset=UTF-8", Accept:"application/json", Content-Length:"52"]
             Body = {"taskType":"SUPPLIER","parameters":["thisisatest"]}
    Session Attrs = {}

Handler:
             Type = com.xdesign.cake.controller.StreamsController
           Method = com.xdesign.cake.controller.StreamsController#runLearningMaterial(Task)

Async:
    Async started = false
     Async result = null

Resolved Exception:
             Type = null

ModelAndView:
        View name = null
             View = null
            Model = null

FlashMap:
       Attributes = null

MockHttpServletResponse:
           Status = 200
    Error message = null
          Headers = [Content-Type:"application/json"]
     Content type = application/json
             Body = {"type":"SUPPLIER","value":"tsetasisiht","sourceCode":null,"description":null}
    Forwarded URL = null
   Redirected URL = null
          Cookies = []

MockHttpServletRequest:
      HTTP Method = GET
      Request URI = /java/streams
       Parameters = {}
          Headers = [Content-Type:"application/json;charset=UTF-8", Accept:"application/json", Content-Length:"54"]
             Body = {"taskType":"BIFUNCTION","parameters":["thisisatest"]}
    Session Attrs = {}

Handler:
             Type = com.xdesign.cake.controller.StreamsController
           Method = com.xdesign.cake.controller.StreamsController#runLearningMaterial(Task)

Async:
    Async started = false
     Async result = null

Resolved Exception:
             Type = null

ModelAndView:
        View name = null
             View = null
            Model = null

FlashMap:
       Attributes = null

MockHttpServletResponse:
           Status = 200
    Error message = null
          Headers = [Content-Type:"application/json"]
     Content type = application/json
             Body = {"type":"BIFUNCTION","value":"tsetasisiht","sourceCode":null,"description":null}
    Forwarded URL = null
   Redirected URL = null
          Cookies = []

MockHttpServletRequest:
      HTTP Method = GET
      Request URI = /java/streams
       Parameters = {}
          Headers = [Content-Type:"application/json;charset=UTF-8", Accept:"application/json", Content-Length:"52"]
             Body = {"taskType":"CREATION","parameters":["thisisatest"]}
    Session Attrs = {}

Handler:
             Type = com.xdesign.cake.controller.StreamsController
           Method = com.xdesign.cake.controller.StreamsController#runLearningMaterial(Task)

Async:
    Async started = false
     Async result = null

Resolved Exception:
             Type = null

ModelAndView:
        View name = null
             View = null
            Model = null

FlashMap:
       Attributes = null

MockHttpServletResponse:
           Status = 200
    Error message = null
          Headers = [Content-Type:"application/json"]
     Content type = application/json
             Body = {"type":"CREATION","value":"tsetasisiht","sourceCode":null,"description":null}
    Forwarded URL = null
   Redirected URL = null
          Cookies = []

MockHttpServletRequest:
      HTTP Method = GET
      Request URI = /java/streams
       Parameters = {}
          Headers = [Content-Type:"application/json;charset=UTF-8", Accept:"application/json", Content-Length:"54"]
             Body = {"taskType":"PREDICATE2","parameters":["thisisatest"]}
    Session Attrs = {}

Handler:
             Type = com.xdesign.cake.controller.StreamsController
           Method = com.xdesign.cake.controller.StreamsController#runLearningMaterial(Task)

Async:
    Async started = false
     Async result = null

Resolved Exception:
             Type = null

ModelAndView:
        View name = null
             View = null
            Model = null

FlashMap:
       Attributes = null

MockHttpServletResponse:
           Status = 200
    Error message = null
          Headers = [Content-Type:"application/json"]
     Content type = application/json
             Body = {"type":"PREDICATE2","value":"tsetasisiht","sourceCode":null,"description":null}
    Forwarded URL = null
   Redirected URL = null
          Cookies = []

MockHttpServletRequest:
      HTTP Method = GET
      Request URI = /java/streams
       Parameters = {}
          Headers = [Content-Type:"application/json;charset=UTF-8", Accept:"application/json", Content-Length:"55"]
             Body = {"taskType":"CHECK_VALUE","parameters":["thisisatest"]}
    Session Attrs = {}

Handler:
             Type = com.xdesign.cake.controller.StreamsController
           Method = com.xdesign.cake.controller.StreamsController#runLearningMaterial(Task)

Async:
    Async started = false
     Async result = null

Resolved Exception:
             Type = null

ModelAndView:
        View name = null
             View = null
            Model = null

FlashMap:
       Attributes = null

MockHttpServletResponse:
           Status = 200
    Error message = null
          Headers = [Content-Type:"application/json"]
     Content type = application/json
             Body = {"type":"CHECK_VALUE","value":"tsetasisiht","sourceCode":null,"description":null}
    Forwarded URL = null
   Redirected URL = null
          Cookies = []
]]></system-out>
  <system-err><![CDATA[]]></system-err>
</testsuite>
