<?xml version="1.0" encoding="UTF-8"?>
<testsuite name="com.xdesign.hackronym.HackronymApplicationTests" tests="1" skipped="0" failures="0" errors="0" timestamp="2023-01-18T17:40:08" hostname="TN4L5WKY63" time="0.153">
  <properties/>
  <testcase name="contextLoads()" classname="com.xdesign.hackronym.HackronymApplicationTests" time="0.153"/>
  <system-out><![CDATA[17:39:58.959 [Test worker] DEBUG org.springframework.test.context.BootstrapUtils - Instantiating CacheAwareContextLoaderDelegate from class [org.springframework.test.context.cache.DefaultCacheAwareContextLoaderDelegate]
17:39:58.968 [Test worker] DEBUG org.springframework.test.context.BootstrapUtils - Instantiating BootstrapContext using constructor [public org.springframework.test.context.support.DefaultBootstrapContext(java.lang.Class,org.springframework.test.context.CacheAwareContextLoaderDelegate)]
17:39:59.015 [Test worker] DEBUG org.springframework.test.context.BootstrapUtils - Instantiating TestContextBootstrapper for test class [com.xdesign.hackronym.HackronymApplicationTests] from class [org.springframework.boot.test.context.SpringBootTestContextBootstrapper]
17:39:59.028 [Test worker] INFO org.springframework.boot.test.context.SpringBootTestContextBootstrapper - Neither @ContextConfiguration nor @ContextHierarchy found for test class [com.xdesign.hackronym.HackronymApplicationTests], using SpringBootContextLoader
17:39:59.033 [Test worker] DEBUG org.springframework.test.context.support.AbstractContextLoader - Did not detect default resource location for test class [com.xdesign.hackronym.HackronymApplicationTests]: class path resource [com/xdesign/hackronym/HackronymApplicationTests-context.xml] does not exist
17:39:59.036 [Test worker] DEBUG org.springframework.test.context.support.AbstractContextLoader - Did not detect default resource location for test class [com.xdesign.hackronym.HackronymApplicationTests]: class path resource [com/xdesign/hackronym/HackronymApplicationTestsContext.groovy] does not exist
17:39:59.036 [Test worker] INFO org.springframework.test.context.support.AbstractContextLoader - Could not detect default resource locations for test class [com.xdesign.hackronym.HackronymApplicationTests]: no resource found for suffixes {-context.xml, Context.groovy}.
17:39:59.037 [Test worker] INFO org.springframework.test.context.support.AnnotationConfigContextLoaderUtils - Could not detect default configuration classes for test class [com.xdesign.hackronym.HackronymApplicationTests]: HackronymApplicationTests does not declare any static, non-private, non-final, nested classes annotated with @Configuration.
17:39:59.098 [Test worker] DEBUG org.springframework.test.context.support.ActiveProfilesUtils - Could not find an 'annotation declaring class' for annotation type [org.springframework.test.context.ActiveProfiles] and class [com.xdesign.hackronym.HackronymApplicationTests]
17:39:59.177 [Test worker] DEBUG org.springframework.context.annotation.ClassPathScanningCandidateComponentProvider - Identified candidate component class: file [/Users/mikesmith/code/personal/hackronym/build/classes/java/main/com/xdesign/hackronym/HackronymApplication.class]
17:39:59.179 [Test worker] INFO org.springframework.boot.test.context.SpringBootTestContextBootstrapper - Found @SpringBootConfiguration com.xdesign.hackronym.HackronymApplication for test class com.xdesign.hackronym.HackronymApplicationTests
17:39:59.284 [Test worker] DEBUG org.springframework.boot.test.context.SpringBootTestContextBootstrapper - @TestExecutionListeners is not present for class [com.xdesign.hackronym.HackronymApplicationTests]: using defaults.
17:39:59.285 [Test worker] INFO org.springframework.boot.test.context.SpringBootTestContextBootstrapper - Loaded default TestExecutionListener class names from location [META-INF/spring.factories]: [org.springframework.boot.test.autoconfigure.restdocs.RestDocsTestExecutionListener, org.springframework.boot.test.autoconfigure.web.client.MockRestServiceServerResetTestExecutionListener, org.springframework.boot.test.autoconfigure.web.servlet.MockMvcPrintOnlyOnFailureTestExecutionListener, org.springframework.boot.test.autoconfigure.web.servlet.WebDriverTestExecutionListener, org.springframework.boot.test.autoconfigure.webservices.client.MockWebServiceServerTestExecutionListener, org.springframework.boot.test.mock.mockito.MockitoTestExecutionListener, org.springframework.boot.test.mock.mockito.ResetMocksTestExecutionListener, org.springframework.test.context.web.ServletTestExecutionListener, org.springframework.test.context.support.DirtiesContextBeforeModesTestExecutionListener, org.springframework.test.context.event.ApplicationEventsTestExecutionListener, org.springframework.test.context.support.DependencyInjectionTestExecutionListener, org.springframework.test.context.support.DirtiesContextTestExecutionListener, org.springframework.test.context.transaction.TransactionalTestExecutionListener, org.springframework.test.context.jdbc.SqlScriptsTestExecutionListener, org.springframework.test.context.event.EventPublishingTestExecutionListener]
17:39:59.298 [Test worker] INFO org.springframework.boot.test.context.SpringBootTestContextBootstrapper - Using TestExecutionListeners: [org.springframework.test.context.web.ServletTestExecutionListener@2d8f2f3a, org.springframework.test.context.support.DirtiesContextBeforeModesTestExecutionListener@2024293c, org.springframework.test.context.event.ApplicationEventsTestExecutionListener@7048f722, org.springframework.boot.test.mock.mockito.MockitoTestExecutionListener@c074c0c, org.springframework.boot.test.autoconfigure.SpringBootDependencyInjectionTestExecutionListener@58a55449, org.springframework.test.context.support.DirtiesContextTestExecutionListener@5949eba8, org.springframework.test.context.transaction.TransactionalTestExecutionListener@6e0ff644, org.springframework.test.context.jdbc.SqlScriptsTestExecutionListener@58dea0a5, org.springframework.test.context.event.EventPublishingTestExecutionListener@2a2bb0eb, org.springframework.boot.test.autoconfigure.restdocs.RestDocsTestExecutionListener@3c291aad, org.springframework.boot.test.autoconfigure.web.client.MockRestServiceServerResetTestExecutionListener@2d0566ba, org.springframework.boot.test.autoconfigure.web.servlet.MockMvcPrintOnlyOnFailureTestExecutionListener@733037, org.springframework.boot.test.autoconfigure.web.servlet.WebDriverTestExecutionListener@7728643a, org.springframework.boot.test.autoconfigure.webservices.client.MockWebServiceServerTestExecutionListener@320e400, org.springframework.boot.test.mock.mockito.ResetMocksTestExecutionListener@5167268]
17:39:59.301 [Test worker] DEBUG org.springframework.test.context.support.AbstractDirtiesContextTestExecutionListener - Before test class: context [DefaultTestContext@475b7792 testClass = HackronymApplicationTests, testInstance = [null], testMethod = [null], testException = [null], mergedContextConfiguration = [WebMergedContextConfiguration@751e664e testClass = HackronymApplicationTests, locations = '{}', classes = '{class com.xdesign.hackronym.HackronymApplication}', contextInitializerClasses = '[]', activeProfiles = '{}', propertySourceLocations = '{}', propertySourceProperties = '{org.springframework.boot.test.context.SpringBootTestContextBootstrapper=true}', contextCustomizers = set[org.springframework.boot.test.autoconfigure.actuate.metrics.MetricsExportContextCustomizerFactory$DisableMetricExportContextCustomizer@607fbe09, org.springframework.boot.test.autoconfigure.properties.PropertyMappingContextCustomizer@0, org.springframework.boot.test.autoconfigure.web.servlet.WebDriverContextCustomizerFactory$Customizer@53d1b9b3, org.springframework.boot.test.context.filter.ExcludeFilterContextCustomizer@7e928e2f, org.springframework.boot.test.json.DuplicateJsonObjectContextCustomizerFactory$DuplicateJsonObjectContextCustomizer@1698ee84, org.springframework.boot.test.mock.mockito.MockitoContextCustomizer@0, org.springframework.boot.test.web.client.TestRestTemplateContextCustomizer@5af3a0f, org.springframework.boot.test.context.SpringBootTestArgs@1, org.springframework.boot.test.context.SpringBootTestWebEnvironment@34129c78], resourceBasePath = 'src/main/webapp', contextLoader = 'org.springframework.boot.test.context.SpringBootContextLoader', parent = [null]], attributes = map['org.springframework.test.context.web.ServletTestExecutionListener.activateListener' -> true]], class annotated with @DirtiesContext [false] with mode [null].
  /\  /\__ _  ___| | ___ __ ___  _ __  _   _ _ __ ___
 / /_/ / _` |/ __| |/ / '__/ _ \| '_ \| | | | '_ ` _ \ 
/ __  / (_| | (__|   <| | | (_) | | | | |_| | | | | | |
\/ /_/ \__,_|\___|_|\_\_|  \___/|_| |_|\__, |_| |_| |_|
                                       |___/           
2023-01-18 17:40:01.190  INFO 8529 --- [    Test worker] c.x.hackronym.HackronymApplicationTests  : Starting HackronymApplicationTests using Java 11.0.14.1 on TN4L5WKY63 with PID 8529 (started by mikesmith in /Users/mikesmith/code/personal/hackronym)
2023-01-18 17:40:01.192  INFO 8529 --- [    Test worker] c.x.hackronym.HackronymApplicationTests  : No active profile set, falling back to 1 default profile: "default"
2023-01-18 17:40:02.900  INFO 8529 --- [    Test worker] .s.d.r.c.RepositoryConfigurationDelegate : Bootstrapping Spring Data JPA repositories in DEFAULT mode.
2023-01-18 17:40:03.005  INFO 8529 --- [    Test worker] .s.d.r.c.RepositoryConfigurationDelegate : Finished Spring Data repository scanning in 93 ms. Found 1 JPA repository interfaces.
2023-01-18 17:40:03.557  INFO 8529 --- [    Test worker] trationDelegate$BeanPostProcessorChecker : Bean 'hackronymConfig' of type [com.xdesign.hackronym.config.HackronymConfig$$EnhancerBySpringCGLIB$$ff36b38b] is not eligible for getting processed by all BeanPostProcessors (for example: not eligible for auto-proxying)
2023-01-18 17:40:04.023  INFO 8529 --- [    Test worker] trationDelegate$BeanPostProcessorChecker : Bean 'hackronymApp' of type [com.slack.api.bolt.App] is not eligible for getting processed by all BeanPostProcessors (for example: not eligible for auto-proxying)
2023-01-18 17:40:04.467  INFO 8529 --- [    Test worker] com.zaxxer.hikari.HikariDataSource       : HikariPool-1 - Starting...
2023-01-18 17:40:04.782  INFO 8529 --- [    Test worker] com.zaxxer.hikari.HikariDataSource       : HikariPool-1 - Start completed.
2023-01-18 17:40:05.003  INFO 8529 --- [    Test worker] o.hibernate.jpa.internal.util.LogHelper  : HHH000204: Processing PersistenceUnitInfo [name: default]
2023-01-18 17:40:05.068  INFO 8529 --- [    Test worker] org.hibernate.Version                    : HHH000412: Hibernate ORM core version 5.6.10.Final
2023-01-18 17:40:05.285  INFO 8529 --- [    Test worker] o.hibernate.annotations.common.Version   : HCANN000001: Hibernate Commons Annotations {5.1.2.Final}
2023-01-18 17:40:05.396  INFO 8529 --- [    Test worker] org.hibernate.dialect.Dialect            : HHH000400: Using dialect: org.hibernate.dialect.MySQL57Dialect
2023-01-18 17:40:05.978  INFO 8529 --- [    Test worker] o.h.e.t.j.p.i.JtaPlatformInitiator       : HHH000490: Using JtaPlatform implementation: [org.hibernate.engine.transaction.jta.platform.internal.NoJtaPlatform]
2023-01-18 17:40:05.988  INFO 8529 --- [    Test worker] j.LocalContainerEntityManagerFactoryBean : Initialized JPA EntityManagerFactory for persistence unit 'default'
2023-01-18 17:40:06.039  INFO 8529 --- [    Test worker] c.x.h.e.b.EventListenerBeanPostProcessor : Registering event : com.slack.api.model.event.AppHomeOpenedEvent
2023-01-18 17:40:06.499  INFO 8529 --- [    Test worker] c.x.h.s.b.SlashCommandBeanPostProcessor  : Processing slash command : whatonearthis
2023-01-18 17:40:06.508  INFO 8529 --- [    Test worker] c.x.h.s.b.SlashCommandBeanPostProcessor  : registering slash command : /whatonearthis with bean : com.xdesign.hackronym.slash.acronym.AcronymGetCommand
2023-01-18 17:40:06.520  INFO 8529 --- [    Test worker] c.x.h.s.b.SlashCommandBeanPostProcessor  : Processing slash command : addacronym
2023-01-18 17:40:06.520  INFO 8529 --- [    Test worker] c.x.h.s.b.SlashCommandBeanPostProcessor  : registering slash command : /addacronym with bean : com.xdesign.hackronym.slash.acronym.AcronymSaveCommand
2023-01-18 17:40:06.795  WARN 8529 --- [    Test worker] JpaBaseConfiguration$JpaWebConfiguration : spring.jpa.open-in-view is enabled by default. Therefore, database queries may be performed during view rendering. Explicitly configure spring.jpa.open-in-view to disable this warning
2023-01-18 17:40:08.086  INFO 8529 --- [    Test worker] o.s.b.a.e.web.EndpointLinksResolver      : Exposing 1 endpoint(s) beneath base path '/actuator'
2023-01-18 17:40:08.168  INFO 8529 --- [    Test worker] c.x.hackronym.HackronymApplicationTests  : Started HackronymApplicationTests in 8.74 seconds (JVM running for 10.472)
]]></system-out>
  <system-err><![CDATA[]]></system-err>
</testsuite>
