<?xml version="1.0" encoding="UTF-8"?>
<testsuite name="com.xdesign.cake.controller.ContentsControllerTest" tests="1" skipped="0" failures="0" errors="0" timestamp="2022-12-16T15:22:54" hostname="TN4L5WKY63" time="0.182">
  <properties/>
  <testcase name="shouldRetrieveAvailableCodeExamples()" classname="com.xdesign.cake.controller.ContentsControllerTest" time="0.182"/>
  <system-out><![CDATA[2022-12-16 15:22:53.884  INFO 99616 --- [    Test worker] .b.t.a.w.s.WebMvcTestContextBootstrapper : Neither @ContextConfiguration nor @ContextHierarchy found for test class [com.xdesign.cake.controller.ContentsControllerTest], using SpringBootContextLoader
2022-12-16 15:22:53.887  INFO 99616 --- [    Test worker] o.s.t.c.support.AbstractContextLoader    : Could not detect default resource locations for test class [com.xdesign.cake.controller.ContentsControllerTest]: no resource found for suffixes {-context.xml, Context.groovy}.
2022-12-16 15:22:53.887  INFO 99616 --- [    Test worker] t.c.s.AnnotationConfigContextLoaderUtils : Could not detect default configuration classes for test class [com.xdesign.cake.controller.ContentsControllerTest]: ContentsControllerTest does not declare any static, non-private, non-final, nested classes annotated with @Configuration.
2022-12-16 15:22:53.953  INFO 99616 --- [    Test worker] .b.t.c.SpringBootTestContextBootstrapper : Found @SpringBootConfiguration com.xdesign.cake.CakeApplication for test class com.xdesign.cake.controller.ContentsControllerTest
2022-12-16 15:22:53.958  INFO 99616 --- [    Test worker] .b.t.a.w.s.WebMvcTestContextBootstrapper : Loaded default TestExecutionListener class names from location [META-INF/spring.factories]: [org.springframework.boot.test.autoconfigure.restdocs.RestDocsTestExecutionListener, org.springframework.boot.test.autoconfigure.web.client.MockRestServiceServerResetTestExecutionListener, org.springframework.boot.test.autoconfigure.web.servlet.MockMvcPrintOnlyOnFailureTestExecutionListener, org.springframework.boot.test.autoconfigure.web.servlet.WebDriverTestExecutionListener, org.springframework.boot.test.autoconfigure.webservices.client.MockWebServiceServerTestExecutionListener, org.springframework.boot.test.mock.mockito.MockitoTestExecutionListener, org.springframework.boot.test.mock.mockito.ResetMocksTestExecutionListener, org.springframework.test.context.web.ServletTestExecutionListener, org.springframework.test.context.support.DirtiesContextBeforeModesTestExecutionListener, org.springframework.test.context.event.ApplicationEventsTestExecutionListener, org.springframework.test.context.support.DependencyInjectionTestExecutionListener, org.springframework.test.context.support.DirtiesContextTestExecutionListener, org.springframework.test.context.transaction.TransactionalTestExecutionListener, org.springframework.test.context.jdbc.SqlScriptsTestExecutionListener, org.springframework.test.context.event.EventPublishingTestExecutionListener]
2022-12-16 15:22:53.959  INFO 99616 --- [    Test worker] .b.t.a.w.s.WebMvcTestContextBootstrapper : Using TestExecutionListeners: [org.springframework.test.context.web.ServletTestExecutionListener@329a27ae, org.springframework.test.context.support.DirtiesContextBeforeModesTestExecutionListener@589a82af, org.springframework.test.context.event.ApplicationEventsTestExecutionListener@5edce7da, org.springframework.boot.test.mock.mockito.MockitoTestExecutionListener@f69e35a, org.springframework.boot.test.autoconfigure.SpringBootDependencyInjectionTestExecutionListener@6c2d124e, org.springframework.test.context.support.DirtiesContextTestExecutionListener@602e7a9e, org.springframework.test.context.transaction.TransactionalTestExecutionListener@59f5a376, org.springframework.test.context.jdbc.SqlScriptsTestExecutionListener@19c6e821, org.springframework.test.context.event.EventPublishingTestExecutionListener@1dfd3635, org.springframework.boot.test.autoconfigure.restdocs.RestDocsTestExecutionListener@e14559e, org.springframework.boot.test.autoconfigure.web.client.MockRestServiceServerResetTestExecutionListener@7a0eb939, org.springframework.boot.test.autoconfigure.web.servlet.MockMvcPrintOnlyOnFailureTestExecutionListener@54a7d1b9, org.springframework.boot.test.autoconfigure.web.servlet.WebDriverTestExecutionListener@209f0986, org.springframework.boot.test.autoconfigure.webservices.client.MockWebServiceServerTestExecutionListener@c0b10ae, org.springframework.boot.test.mock.mockito.ResetMocksTestExecutionListener@3c3a767]
______ _                 _____  __   _____       _        
| ___ (_)               |  _  |/ _| /  __ \     | |       
| |_/ /_  ___  ___ ___  | | | | |_  | /  \/ __ _| | _____ 
|  __/| |/ _ \/ __/ _ \ | | | |  _| | |    / _` | |/ / _ \
| |   | |  __/ (_|  __/ \ \_/ / |   | \__/\ (_| |   <  __/
\_|   |_|\___|\___\___|  \___/|_|    \____/\__,_|_|\_\___|
                                                          
                                                          
2022-12-16 15:22:54.023  INFO 99616 --- [    Test worker] c.x.c.controller.ContentsControllerTest  : Starting ContentsControllerTest using Java 11.0.14.1 on TN4L5WKY63 with PID 99616 (started by mikesmith in /Users/mikesmith/code/personal/cake)
2022-12-16 15:22:54.024  INFO 99616 --- [    Test worker] c.x.c.controller.ContentsControllerTest  : No active profile set, falling back to 1 default profile: "default"
2022-12-16 15:22:54.649  INFO 99616 --- [    Test worker] o.s.b.t.m.w.SpringBootMockServletContext : Initializing Spring TestDispatcherServlet ''
2022-12-16 15:22:54.650  INFO 99616 --- [    Test worker] o.s.t.web.servlet.TestDispatcherServlet  : Initializing Servlet ''
2022-12-16 15:22:54.652  INFO 99616 --- [    Test worker] o.s.t.web.servlet.TestDispatcherServlet  : Completed initialization in 1 ms
2022-12-16 15:22:54.672  INFO 99616 --- [    Test worker] c.x.c.controller.ContentsControllerTest  : Started ContentsControllerTest in 0.71 seconds (JVM running for 10.696)

MockHttpServletRequest:
      HTTP Method = GET
      Request URI = /java/contents
       Parameters = {}
          Headers = [Accept:"application/json"]
             Body = null
    Session Attrs = {}

Handler:
             Type = com.xdesign.cake.controller.ContentsController
           Method = com.xdesign.cake.controller.ContentsController#getContents()

Async:
    Async started = false
     Async result = null

Resolved Exception:
             Type = null

ModelAndView:
        View name = null
             View = null
            Model = null

FlashMap:
       Attributes = null

MockHttpServletResponse:
           Status = 200
    Error message = null
          Headers = [Content-Type:"application/json"]
     Content type = application/json
             Body = {"chapters":[{"name":null,"examples":[{"name":"Functional Interfaces","description":"Some examples","apiCall":"/api/func/demo","githubLocation":null,"chapter":null,"sourceCode":null,"taskType":null,"slashCommand":null,"slashParameters":null}]}]}
    Forwarded URL = null
   Redirected URL = null
          Cookies = []
]]></system-out>
  <system-err><![CDATA[]]></system-err>
</testsuite>
