<?xml version="1.0" encoding="UTF-8"?>
<testsuite name="com.xdesign.hackronym.slash.acronym.validator.AcronymValidatorTest" tests="4" skipped="0" failures="0" errors="0" timestamp="2023-01-18T17:03:24" hostname="TN4L5WKY63" time="0.565">
  <properties/>
  <testcase name="shouldReturnTrueIfAllThreeParamsSupplied()" classname="com.xdesign.hackronym.slash.acronym.validator.AcronymValidatorTest" time="0.548"/>
  <testcase name="shouldReturnFalseIfFirstParamIsNotAllUppercase()" classname="com.xdesign.hackronym.slash.acronym.validator.AcronymValidatorTest" time="0.006"/>
  <testcase name="shouldReturnFalseIfAllThreeParamsAreNotSupplied()" classname="com.xdesign.hackronym.slash.acronym.validator.AcronymValidatorTest" time="0.003"/>
  <testcase name="shouldReturnFalseIfAllThreeParamsAreNotBlank()" classname="com.xdesign.hackronym.slash.acronym.validator.AcronymValidatorTest" time="0.001"/>
  <system-out><![CDATA[]]></system-out>
  <system-err><![CDATA[]]></system-err>
</testsuite>
