<?xml version="1.0" encoding="UTF-8"?>
<testsuite name="com.xdesign.cake.controller.FunctionalInterfacesControllerTest" tests="10" skipped="0" failures="0" errors="0" timestamp="2022-12-16T15:22:55" hostname="TN4L5WKY63" time="0.252">
  <properties/>
  <testcase name="[1] functionalInterfaceType=FOREACH" classname="com.xdesign.cake.controller.FunctionalInterfacesControllerTest" time="0.084"/>
  <testcase name="[2] functionalInterfaceType=SUM" classname="com.xdesign.cake.controller.FunctionalInterfacesControllerTest" time="0.012"/>
  <testcase name="[3] functionalInterfaceType=FUNCTION" classname="com.xdesign.cake.controller.FunctionalInterfacesControllerTest" time="0.021"/>
  <testcase name="[4] functionalInterfaceType=CONSUMER" classname="com.xdesign.cake.controller.FunctionalInterfacesControllerTest" time="0.015"/>
  <testcase name="[5] functionalInterfaceType=PREDICATE" classname="com.xdesign.cake.controller.FunctionalInterfacesControllerTest" time="0.019"/>
  <testcase name="[6] functionalInterfaceType=SUPPLIER" classname="com.xdesign.cake.controller.FunctionalInterfacesControllerTest" time="0.016"/>
  <testcase name="[7] functionalInterfaceType=BIFUNCTION" classname="com.xdesign.cake.controller.FunctionalInterfacesControllerTest" time="0.012"/>
  <testcase name="[8] functionalInterfaceType=CREATION" classname="com.xdesign.cake.controller.FunctionalInterfacesControllerTest" time="0.012"/>
  <testcase name="[9] functionalInterfaceType=PREDICATE2" classname="com.xdesign.cake.controller.FunctionalInterfacesControllerTest" time="0.008"/>
  <testcase name="[10] functionalInterfaceType=CHECK_VALUE" classname="com.xdesign.cake.controller.FunctionalInterfacesControllerTest" time="0.018"/>
  <system-out><![CDATA[2022-12-16 15:22:54.873  INFO 99616 --- [    Test worker] .b.t.a.w.s.WebMvcTestContextBootstrapper : Neither @ContextConfiguration nor @ContextHierarchy found for test class [com.xdesign.cake.controller.FunctionalInterfacesControllerTest], using SpringBootContextLoader
2022-12-16 15:22:54.875  INFO 99616 --- [    Test worker] o.s.t.c.support.AbstractContextLoader    : Could not detect default resource locations for test class [com.xdesign.cake.controller.FunctionalInterfacesControllerTest]: no resource found for suffixes {-context.xml, Context.groovy}.
2022-12-16 15:22:54.876  INFO 99616 --- [    Test worker] t.c.s.AnnotationConfigContextLoaderUtils : Could not detect default configuration classes for test class [com.xdesign.cake.controller.FunctionalInterfacesControllerTest]: FunctionalInterfacesControllerTest does not declare any static, non-private, non-final, nested classes annotated with @Configuration.
2022-12-16 15:22:54.886  INFO 99616 --- [    Test worker] .b.t.c.SpringBootTestContextBootstrapper : Found @SpringBootConfiguration com.xdesign.cake.CakeApplication for test class com.xdesign.cake.controller.FunctionalInterfacesControllerTest
2022-12-16 15:22:54.887  INFO 99616 --- [    Test worker] .b.t.a.w.s.WebMvcTestContextBootstrapper : Loaded default TestExecutionListener class names from location [META-INF/spring.factories]: [org.springframework.boot.test.autoconfigure.restdocs.RestDocsTestExecutionListener, org.springframework.boot.test.autoconfigure.web.client.MockRestServiceServerResetTestExecutionListener, org.springframework.boot.test.autoconfigure.web.servlet.MockMvcPrintOnlyOnFailureTestExecutionListener, org.springframework.boot.test.autoconfigure.web.servlet.WebDriverTestExecutionListener, org.springframework.boot.test.autoconfigure.webservices.client.MockWebServiceServerTestExecutionListener, org.springframework.boot.test.mock.mockito.MockitoTestExecutionListener, org.springframework.boot.test.mock.mockito.ResetMocksTestExecutionListener, org.springframework.test.context.web.ServletTestExecutionListener, org.springframework.test.context.support.DirtiesContextBeforeModesTestExecutionListener, org.springframework.test.context.event.ApplicationEventsTestExecutionListener, org.springframework.test.context.support.DependencyInjectionTestExecutionListener, org.springframework.test.context.support.DirtiesContextTestExecutionListener, org.springframework.test.context.transaction.TransactionalTestExecutionListener, org.springframework.test.context.jdbc.SqlScriptsTestExecutionListener, org.springframework.test.context.event.EventPublishingTestExecutionListener]
2022-12-16 15:22:54.887  INFO 99616 --- [    Test worker] .b.t.a.w.s.WebMvcTestContextBootstrapper : Using TestExecutionListeners: [org.springframework.test.context.web.ServletTestExecutionListener@6e95c023, org.springframework.test.context.support.DirtiesContextBeforeModesTestExecutionListener@3582077c, org.springframework.test.context.event.ApplicationEventsTestExecutionListener@5d00241b, org.springframework.boot.test.mock.mockito.MockitoTestExecutionListener@365fde74, org.springframework.boot.test.autoconfigure.SpringBootDependencyInjectionTestExecutionListener@760b9444, org.springframework.test.context.support.DirtiesContextTestExecutionListener@5397d41e, org.springframework.test.context.transaction.TransactionalTestExecutionListener@f6b128b, org.springframework.test.context.jdbc.SqlScriptsTestExecutionListener@470fc16c, org.springframework.test.context.event.EventPublishingTestExecutionListener@6d0cc47d, org.springframework.boot.test.autoconfigure.restdocs.RestDocsTestExecutionListener@56dae6, org.springframework.boot.test.autoconfigure.web.client.MockRestServiceServerResetTestExecutionListener@57fe6f2d, org.springframework.boot.test.autoconfigure.web.servlet.MockMvcPrintOnlyOnFailureTestExecutionListener@6e43c01f, org.springframework.boot.test.autoconfigure.web.servlet.WebDriverTestExecutionListener@6567de86, org.springframework.boot.test.autoconfigure.webservices.client.MockWebServiceServerTestExecutionListener@5350a926, org.springframework.boot.test.mock.mockito.ResetMocksTestExecutionListener@77732366]
______ _                 _____  __   _____       _        
| ___ (_)               |  _  |/ _| /  __ \     | |       
| |_/ /_  ___  ___ ___  | | | | |_  | /  \/ __ _| | _____ 
|  __/| |/ _ \/ __/ _ \ | | | |  _| | |    / _` | |/ / _ \
| |   | |  __/ (_|  __/ \ \_/ / |   | \__/\ (_| |   <  __/
\_|   |_|\___|\___\___|  \___/|_|    \____/\__,_|_|\_\___|
                                                          
                                                          
2022-12-16 15:22:54.949  INFO 99616 --- [    Test worker] x.c.c.FunctionalInterfacesControllerTest : Starting FunctionalInterfacesControllerTest using Java 11.0.14.1 on TN4L5WKY63 with PID 99616 (started by mikesmith in /Users/mikesmith/code/personal/cake)
2022-12-16 15:22:54.949  INFO 99616 --- [    Test worker] x.c.c.FunctionalInterfacesControllerTest : No active profile set, falling back to 1 default profile: "default"
2022-12-16 15:22:55.411  INFO 99616 --- [    Test worker] o.s.b.t.m.w.SpringBootMockServletContext : Initializing Spring TestDispatcherServlet ''
2022-12-16 15:22:55.412  INFO 99616 --- [    Test worker] o.s.t.web.servlet.TestDispatcherServlet  : Initializing Servlet ''
2022-12-16 15:22:55.412  INFO 99616 --- [    Test worker] o.s.t.web.servlet.TestDispatcherServlet  : Completed initialization in 0 ms
2022-12-16 15:22:55.425  INFO 99616 --- [    Test worker] x.c.c.FunctionalInterfacesControllerTest : Started FunctionalInterfacesControllerTest in 0.514 seconds (JVM running for 11.449)

MockHttpServletRequest:
      HTTP Method = GET
      Request URI = /java/functionalinterface
       Parameters = {}
          Headers = [Content-Type:"application/json;charset=UTF-8", Accept:"application/json", Content-Length:"51"]
             Body = {"taskType":"FOREACH","parameters":["thisisatest"]}
    Session Attrs = {}

Handler:
             Type = com.xdesign.cake.controller.FunctionalInterfacesController
           Method = com.xdesign.cake.controller.FunctionalInterfacesController#runLearningMaterial(Task)

Async:
    Async started = false
     Async result = null

Resolved Exception:
             Type = null

ModelAndView:
        View name = null
             View = null
            Model = null

FlashMap:
       Attributes = null

MockHttpServletResponse:
           Status = 200
    Error message = null
          Headers = [Content-Type:"application/json"]
     Content type = application/json
             Body = {"type":"FOREACH","value":"tsetasisiht","sourceCode":null,"description":null}
    Forwarded URL = null
   Redirected URL = null
          Cookies = []

MockHttpServletRequest:
      HTTP Method = GET
      Request URI = /java/functionalinterface
       Parameters = {}
          Headers = [Content-Type:"application/json;charset=UTF-8", Accept:"application/json", Content-Length:"47"]
             Body = {"taskType":"SUM","parameters":["thisisatest"]}
    Session Attrs = {}

Handler:
             Type = com.xdesign.cake.controller.FunctionalInterfacesController
           Method = com.xdesign.cake.controller.FunctionalInterfacesController#runLearningMaterial(Task)

Async:
    Async started = false
     Async result = null

Resolved Exception:
             Type = null

ModelAndView:
        View name = null
             View = null
            Model = null

FlashMap:
       Attributes = null

MockHttpServletResponse:
           Status = 200
    Error message = null
          Headers = [Content-Type:"application/json"]
     Content type = application/json
             Body = {"type":"SUM","value":"tsetasisiht","sourceCode":null,"description":null}
    Forwarded URL = null
   Redirected URL = null
          Cookies = []

MockHttpServletRequest:
      HTTP Method = GET
      Request URI = /java/functionalinterface
       Parameters = {}
          Headers = [Content-Type:"application/json;charset=UTF-8", Accept:"application/json", Content-Length:"52"]
             Body = {"taskType":"FUNCTION","parameters":["thisisatest"]}
    Session Attrs = {}

Handler:
             Type = com.xdesign.cake.controller.FunctionalInterfacesController
           Method = com.xdesign.cake.controller.FunctionalInterfacesController#runLearningMaterial(Task)

Async:
    Async started = false
     Async result = null

Resolved Exception:
             Type = null

ModelAndView:
        View name = null
             View = null
            Model = null

FlashMap:
       Attributes = null

MockHttpServletResponse:
           Status = 200
    Error message = null
          Headers = [Content-Type:"application/json"]
     Content type = application/json
             Body = {"type":"FUNCTION","value":"tsetasisiht","sourceCode":null,"description":null}
    Forwarded URL = null
   Redirected URL = null
          Cookies = []

MockHttpServletRequest:
      HTTP Method = GET
      Request URI = /java/functionalinterface
       Parameters = {}
          Headers = [Content-Type:"application/json;charset=UTF-8", Accept:"application/json", Content-Length:"52"]
             Body = {"taskType":"CONSUMER","parameters":["thisisatest"]}
    Session Attrs = {}

Handler:
             Type = com.xdesign.cake.controller.FunctionalInterfacesController
           Method = com.xdesign.cake.controller.FunctionalInterfacesController#runLearningMaterial(Task)

Async:
    Async started = false
     Async result = null

Resolved Exception:
             Type = null

ModelAndView:
        View name = null
             View = null
            Model = null

FlashMap:
       Attributes = null

MockHttpServletResponse:
           Status = 200
    Error message = null
          Headers = [Content-Type:"application/json"]
     Content type = application/json
             Body = {"type":"CONSUMER","value":"tsetasisiht","sourceCode":null,"description":null}
    Forwarded URL = null
   Redirected URL = null
          Cookies = []

MockHttpServletRequest:
      HTTP Method = GET
      Request URI = /java/functionalinterface
       Parameters = {}
          Headers = [Content-Type:"application/json;charset=UTF-8", Accept:"application/json", Content-Length:"53"]
             Body = {"taskType":"PREDICATE","parameters":["thisisatest"]}
    Session Attrs = {}

Handler:
             Type = com.xdesign.cake.controller.FunctionalInterfacesController
           Method = com.xdesign.cake.controller.FunctionalInterfacesController#runLearningMaterial(Task)

Async:
    Async started = false
     Async result = null

Resolved Exception:
             Type = null

ModelAndView:
        View name = null
             View = null
            Model = null

FlashMap:
       Attributes = null

MockHttpServletResponse:
           Status = 200
    Error message = null
          Headers = [Content-Type:"application/json"]
     Content type = application/json
             Body = {"type":"PREDICATE","value":"tsetasisiht","sourceCode":null,"description":null}
    Forwarded URL = null
   Redirected URL = null
          Cookies = []

MockHttpServletRequest:
      HTTP Method = GET
      Request URI = /java/functionalinterface
       Parameters = {}
          Headers = [Content-Type:"application/json;charset=UTF-8", Accept:"application/json", Content-Length:"52"]
             Body = {"taskType":"SUPPLIER","parameters":["thisisatest"]}
    Session Attrs = {}

Handler:
             Type = com.xdesign.cake.controller.FunctionalInterfacesController
           Method = com.xdesign.cake.controller.FunctionalInterfacesController#runLearningMaterial(Task)

Async:
    Async started = false
     Async result = null

Resolved Exception:
             Type = null

ModelAndView:
        View name = null
             View = null
            Model = null

FlashMap:
       Attributes = null

MockHttpServletResponse:
           Status = 200
    Error message = null
          Headers = [Content-Type:"application/json"]
     Content type = application/json
             Body = {"type":"SUPPLIER","value":"tsetasisiht","sourceCode":null,"description":null}
    Forwarded URL = null
   Redirected URL = null
          Cookies = []

MockHttpServletRequest:
      HTTP Method = GET
      Request URI = /java/functionalinterface
       Parameters = {}
          Headers = [Content-Type:"application/json;charset=UTF-8", Accept:"application/json", Content-Length:"54"]
             Body = {"taskType":"BIFUNCTION","parameters":["thisisatest"]}
    Session Attrs = {}

Handler:
             Type = com.xdesign.cake.controller.FunctionalInterfacesController
           Method = com.xdesign.cake.controller.FunctionalInterfacesController#runLearningMaterial(Task)

Async:
    Async started = false
     Async result = null

Resolved Exception:
             Type = null

ModelAndView:
        View name = null
             View = null
            Model = null

FlashMap:
       Attributes = null

MockHttpServletResponse:
           Status = 200
    Error message = null
          Headers = [Content-Type:"application/json"]
     Content type = application/json
             Body = {"type":"BIFUNCTION","value":"tsetasisiht","sourceCode":null,"description":null}
    Forwarded URL = null
   Redirected URL = null
          Cookies = []

MockHttpServletRequest:
      HTTP Method = GET
      Request URI = /java/functionalinterface
       Parameters = {}
          Headers = [Content-Type:"application/json;charset=UTF-8", Accept:"application/json", Content-Length:"52"]
             Body = {"taskType":"CREATION","parameters":["thisisatest"]}
    Session Attrs = {}

Handler:
             Type = com.xdesign.cake.controller.FunctionalInterfacesController
           Method = com.xdesign.cake.controller.FunctionalInterfacesController#runLearningMaterial(Task)

Async:
    Async started = false
     Async result = null

Resolved Exception:
             Type = null

ModelAndView:
        View name = null
             View = null
            Model = null

FlashMap:
       Attributes = null

MockHttpServletResponse:
           Status = 200
    Error message = null
          Headers = [Content-Type:"application/json"]
     Content type = application/json
             Body = {"type":"CREATION","value":"tsetasisiht","sourceCode":null,"description":null}
    Forwarded URL = null
   Redirected URL = null
          Cookies = []

MockHttpServletRequest:
      HTTP Method = GET
      Request URI = /java/functionalinterface
       Parameters = {}
          Headers = [Content-Type:"application/json;charset=UTF-8", Accept:"application/json", Content-Length:"54"]
             Body = {"taskType":"PREDICATE2","parameters":["thisisatest"]}
    Session Attrs = {}

Handler:
             Type = com.xdesign.cake.controller.FunctionalInterfacesController
           Method = com.xdesign.cake.controller.FunctionalInterfacesController#runLearningMaterial(Task)

Async:
    Async started = false
     Async result = null

Resolved Exception:
             Type = null

ModelAndView:
        View name = null
             View = null
            Model = null

FlashMap:
       Attributes = null

MockHttpServletResponse:
           Status = 200
    Error message = null
          Headers = [Content-Type:"application/json"]
     Content type = application/json
             Body = {"type":"PREDICATE2","value":"tsetasisiht","sourceCode":null,"description":null}
    Forwarded URL = null
   Redirected URL = null
          Cookies = []

MockHttpServletRequest:
      HTTP Method = GET
      Request URI = /java/functionalinterface
       Parameters = {}
          Headers = [Content-Type:"application/json;charset=UTF-8", Accept:"application/json", Content-Length:"55"]
             Body = {"taskType":"CHECK_VALUE","parameters":["thisisatest"]}
    Session Attrs = {}

Handler:
             Type = com.xdesign.cake.controller.FunctionalInterfacesController
           Method = com.xdesign.cake.controller.FunctionalInterfacesController#runLearningMaterial(Task)

Async:
    Async started = false
     Async result = null

Resolved Exception:
             Type = null

ModelAndView:
        View name = null
             View = null
            Model = null

FlashMap:
       Attributes = null

MockHttpServletResponse:
           Status = 200
    Error message = null
          Headers = [Content-Type:"application/json"]
     Content type = application/json
             Body = {"type":"CHECK_VALUE","value":"tsetasisiht","sourceCode":null,"description":null}
    Forwarded URL = null
   Redirected URL = null
          Cookies = []
]]></system-out>
  <system-err><![CDATA[]]></system-err>
</testsuite>
