<?xml version="1.0" encoding="UTF-8"?>
<testsuite name="com.xdesign.hackronym.slash.acronym.AcronymGetCommandTest" tests="2" skipped="0" failures="0" errors="0" timestamp="2023-01-18T17:40:09" hostname="TN4L5WKY63" time="0.006">
  <properties/>
  <testcase name="shouldCallAcronymRetriever()" classname="com.xdesign.hackronym.slash.acronym.AcronymGetCommandTest" time="0.004"/>
  <testcase name="shouldReturnNiceMessageIfNotFound()" classname="com.xdesign.hackronym.slash.acronym.AcronymGetCommandTest" time="0.002"/>
  <system-out><![CDATA[]]></system-out>
  <system-err><![CDATA[]]></system-err>
</testsuite>
