<?xml version="1.0" encoding="UTF-8"?>
<testsuite name="com.xdesign.cake.teachers.FunctionalInterfaceTeacherTest" tests="5" skipped="0" failures="0" errors="0" timestamp="2022-12-16T15:22:57" hostname="TN4L5WKY63" time="0.071">
  <properties/>
  <testcase name="shouldUseFunctionToReverseString()" classname="com.xdesign.cake.teachers.FunctionalInterfaceTeacherTest" time="0.059"/>
  <testcase name="shouldUseSupplierToGetTheCurrentDate()" classname="com.xdesign.cake.teachers.FunctionalInterfaceTeacherTest" time="0.001"/>
  <testcase name="shouldHaveAResultWithAllFields()" classname="com.xdesign.cake.teachers.FunctionalInterfaceTeacherTest" time="0.009"/>
  <testcase name="shouldUseConsumerToPrintToConsole()" classname="com.xdesign.cake.teachers.FunctionalInterfaceTeacherTest" time="0.001"/>
  <testcase name="shouldUsePredicateToCheckStringStartsWithLetter()" classname="com.xdesign.cake.teachers.FunctionalInterfaceTeacherTest" time="0.001"/>
  <system-out><![CDATA[]]></system-out>
  <system-err><![CDATA[]]></system-err>
</testsuite>
