<?xml version="1.0" encoding="UTF-8"?>
<testsuite name="com.xdesign.hackronym.store.AcronymStorerTest" tests="1" skipped="0" failures="0" errors="0" timestamp="2023-01-18T17:40:09" hostname="TN4L5WKY63" time="0.001">
  <properties/>
  <testcase name="shouldStoreThePassedAcronym()" classname="com.xdesign.hackronym.store.AcronymStorerTest" time="0.001"/>
  <system-out><![CDATA[]]></system-out>
  <system-err><![CDATA[]]></system-err>
</testsuite>
