<?xml version="1.0" encoding="UTF-8"?>
<testsuite name="com.xdesign.hackronym.retriever.AcronymRetrieverTest" tests="1" skipped="0" failures="0" errors="0" timestamp="2023-01-18T14:38:51" hostname="TN4L5WKY63" time="0.242">
  <properties/>
  <testcase name="shoudlCallOutToAcronymRepository()" classname="com.xdesign.hackronym.retriever.AcronymRetrieverTest" time="0.242"/>
  <system-out><![CDATA[]]></system-out>
  <system-err><![CDATA[]]></system-err>
</testsuite>
