<?xml version="1.0" encoding="UTF-8"?>
<testsuite name="com.xdesign.cake.controller.OptionalControllerTest" tests="10" skipped="0" failures="0" errors="0" timestamp="2022-12-16T15:22:56" hostname="TN4L5WKY63" time="0.152">
  <properties/>
  <testcase name="[1] optionalType=FOREACH" classname="com.xdesign.cake.controller.OptionalControllerTest" time="0.024"/>
  <testcase name="[2] optionalType=SUM" classname="com.xdesign.cake.controller.OptionalControllerTest" time="0.014"/>
  <testcase name="[3] optionalType=FUNCTION" classname="com.xdesign.cake.controller.OptionalControllerTest" time="0.012"/>
  <testcase name="[4] optionalType=CONSUMER" classname="com.xdesign.cake.controller.OptionalControllerTest" time="0.022"/>
  <testcase name="[5] optionalType=PREDICATE" classname="com.xdesign.cake.controller.OptionalControllerTest" time="0.011"/>
  <testcase name="[6] optionalType=SUPPLIER" classname="com.xdesign.cake.controller.OptionalControllerTest" time="0.012"/>
  <testcase name="[7] optionalType=BIFUNCTION" classname="com.xdesign.cake.controller.OptionalControllerTest" time="0.013"/>
  <testcase name="[8] optionalType=CREATION" classname="com.xdesign.cake.controller.OptionalControllerTest" time="0.007"/>
  <testcase name="[9] optionalType=PREDICATE2" classname="com.xdesign.cake.controller.OptionalControllerTest" time="0.01"/>
  <testcase name="[10] optionalType=CHECK_VALUE" classname="com.xdesign.cake.controller.OptionalControllerTest" time="0.011"/>
  <system-out><![CDATA[2022-12-16 15:22:55.690  INFO 99616 --- [    Test worker] .b.t.a.w.s.WebMvcTestContextBootstrapper : Neither @ContextConfiguration nor @ContextHierarchy found for test class [com.xdesign.cake.controller.OptionalControllerTest], using SpringBootContextLoader
2022-12-16 15:22:55.691  INFO 99616 --- [    Test worker] o.s.t.c.support.AbstractContextLoader    : Could not detect default resource locations for test class [com.xdesign.cake.controller.OptionalControllerTest]: no resource found for suffixes {-context.xml, Context.groovy}.
2022-12-16 15:22:55.692  INFO 99616 --- [    Test worker] t.c.s.AnnotationConfigContextLoaderUtils : Could not detect default configuration classes for test class [com.xdesign.cake.controller.OptionalControllerTest]: OptionalControllerTest does not declare any static, non-private, non-final, nested classes annotated with @Configuration.
2022-12-16 15:22:55.702  INFO 99616 --- [    Test worker] .b.t.c.SpringBootTestContextBootstrapper : Found @SpringBootConfiguration com.xdesign.cake.CakeApplication for test class com.xdesign.cake.controller.OptionalControllerTest
2022-12-16 15:22:55.704  INFO 99616 --- [    Test worker] .b.t.a.w.s.WebMvcTestContextBootstrapper : Loaded default TestExecutionListener class names from location [META-INF/spring.factories]: [org.springframework.boot.test.autoconfigure.restdocs.RestDocsTestExecutionListener, org.springframework.boot.test.autoconfigure.web.client.MockRestServiceServerResetTestExecutionListener, org.springframework.boot.test.autoconfigure.web.servlet.MockMvcPrintOnlyOnFailureTestExecutionListener, org.springframework.boot.test.autoconfigure.web.servlet.WebDriverTestExecutionListener, org.springframework.boot.test.autoconfigure.webservices.client.MockWebServiceServerTestExecutionListener, org.springframework.boot.test.mock.mockito.MockitoTestExecutionListener, org.springframework.boot.test.mock.mockito.ResetMocksTestExecutionListener, org.springframework.test.context.web.ServletTestExecutionListener, org.springframework.test.context.support.DirtiesContextBeforeModesTestExecutionListener, org.springframework.test.context.event.ApplicationEventsTestExecutionListener, org.springframework.test.context.support.DependencyInjectionTestExecutionListener, org.springframework.test.context.support.DirtiesContextTestExecutionListener, org.springframework.test.context.transaction.TransactionalTestExecutionListener, org.springframework.test.context.jdbc.SqlScriptsTestExecutionListener, org.springframework.test.context.event.EventPublishingTestExecutionListener]
2022-12-16 15:22:55.706  INFO 99616 --- [    Test worker] .b.t.a.w.s.WebMvcTestContextBootstrapper : Using TestExecutionListeners: [org.springframework.test.context.web.ServletTestExecutionListener@1cd93693, org.springframework.test.context.support.DirtiesContextBeforeModesTestExecutionListener@14e8304b, org.springframework.test.context.event.ApplicationEventsTestExecutionListener@7b0d88e0, org.springframework.boot.test.mock.mockito.MockitoTestExecutionListener@724e483f, org.springframework.boot.test.autoconfigure.SpringBootDependencyInjectionTestExecutionListener@27f6854b, org.springframework.test.context.support.DirtiesContextTestExecutionListener@72499396, org.springframework.test.context.transaction.TransactionalTestExecutionListener@65145fb7, org.springframework.test.context.jdbc.SqlScriptsTestExecutionListener@651bec9a, org.springframework.test.context.event.EventPublishingTestExecutionListener@76d4e1af, org.springframework.boot.test.autoconfigure.restdocs.RestDocsTestExecutionListener@483f19c0, org.springframework.boot.test.autoconfigure.web.client.MockRestServiceServerResetTestExecutionListener@f111e97, org.springframework.boot.test.autoconfigure.web.servlet.MockMvcPrintOnlyOnFailureTestExecutionListener@35d44cd3, org.springframework.boot.test.autoconfigure.web.servlet.WebDriverTestExecutionListener@64dc0a5f, org.springframework.boot.test.autoconfigure.webservices.client.MockWebServiceServerTestExecutionListener@549dfe1d, org.springframework.boot.test.mock.mockito.ResetMocksTestExecutionListener@537fb7bf]
______ _                 _____  __   _____       _        
| ___ (_)               |  _  |/ _| /  __ \     | |       
| |_/ /_  ___  ___ ___  | | | | |_  | /  \/ __ _| | _____ 
|  __/| |/ _ \/ __/ _ \ | | | |  _| | |    / _` | |/ / _ \
| |   | |  __/ (_|  __/ \ \_/ / |   | \__/\ (_| |   <  __/
\_|   |_|\___|\___\___|  \___/|_|    \____/\__,_|_|\_\___|
                                                          
                                                          
2022-12-16 15:22:55.737  INFO 99616 --- [    Test worker] c.x.c.controller.OptionalControllerTest  : Starting OptionalControllerTest using Java 11.0.14.1 on TN4L5WKY63 with PID 99616 (started by mikesmith in /Users/mikesmith/code/personal/cake)
2022-12-16 15:22:55.738  INFO 99616 --- [    Test worker] c.x.c.controller.OptionalControllerTest  : No active profile set, falling back to 1 default profile: "default"
2022-12-16 15:22:56.297  INFO 99616 --- [    Test worker] o.s.b.t.m.w.SpringBootMockServletContext : Initializing Spring TestDispatcherServlet ''
2022-12-16 15:22:56.298  INFO 99616 --- [    Test worker] o.s.t.web.servlet.TestDispatcherServlet  : Initializing Servlet ''
2022-12-16 15:22:56.301  INFO 99616 --- [    Test worker] o.s.t.web.servlet.TestDispatcherServlet  : Completed initialization in 0 ms
2022-12-16 15:22:56.315  INFO 99616 --- [    Test worker] c.x.c.controller.OptionalControllerTest  : Started OptionalControllerTest in 0.603 seconds (JVM running for 12.339)

MockHttpServletRequest:
      HTTP Method = GET
      Request URI = /java/optional
       Parameters = {}
          Headers = [Content-Type:"application/json;charset=UTF-8", Accept:"application/json", Content-Length:"51"]
             Body = {"taskType":"FOREACH","parameters":["thisisatest"]}
    Session Attrs = {}

Handler:
             Type = com.xdesign.cake.controller.OptionalController
           Method = com.xdesign.cake.controller.OptionalController#runLearningMaterial(Task)

Async:
    Async started = false
     Async result = null

Resolved Exception:
             Type = null

ModelAndView:
        View name = null
             View = null
            Model = null

FlashMap:
       Attributes = null

MockHttpServletResponse:
           Status = 200
    Error message = null
          Headers = [Content-Type:"application/json"]
     Content type = application/json
             Body = {"type":"FOREACH","value":"tsetasisiht","sourceCode":null,"description":null}
    Forwarded URL = null
   Redirected URL = null
          Cookies = []

MockHttpServletRequest:
      HTTP Method = GET
      Request URI = /java/optional
       Parameters = {}
          Headers = [Content-Type:"application/json;charset=UTF-8", Accept:"application/json", Content-Length:"47"]
             Body = {"taskType":"SUM","parameters":["thisisatest"]}
    Session Attrs = {}

Handler:
             Type = com.xdesign.cake.controller.OptionalController
           Method = com.xdesign.cake.controller.OptionalController#runLearningMaterial(Task)

Async:
    Async started = false
     Async result = null

Resolved Exception:
             Type = null

ModelAndView:
        View name = null
             View = null
            Model = null

FlashMap:
       Attributes = null

MockHttpServletResponse:
           Status = 200
    Error message = null
          Headers = [Content-Type:"application/json"]
     Content type = application/json
             Body = {"type":"SUM","value":"tsetasisiht","sourceCode":null,"description":null}
    Forwarded URL = null
   Redirected URL = null
          Cookies = []

MockHttpServletRequest:
      HTTP Method = GET
      Request URI = /java/optional
       Parameters = {}
          Headers = [Content-Type:"application/json;charset=UTF-8", Accept:"application/json", Content-Length:"52"]
             Body = {"taskType":"FUNCTION","parameters":["thisisatest"]}
    Session Attrs = {}

Handler:
             Type = com.xdesign.cake.controller.OptionalController
           Method = com.xdesign.cake.controller.OptionalController#runLearningMaterial(Task)

Async:
    Async started = false
     Async result = null

Resolved Exception:
             Type = null

ModelAndView:
        View name = null
             View = null
            Model = null

FlashMap:
       Attributes = null

MockHttpServletResponse:
           Status = 200
    Error message = null
          Headers = [Content-Type:"application/json"]
     Content type = application/json
             Body = {"type":"FUNCTION","value":"tsetasisiht","sourceCode":null,"description":null}
    Forwarded URL = null
   Redirected URL = null
          Cookies = []

MockHttpServletRequest:
      HTTP Method = GET
      Request URI = /java/optional
       Parameters = {}
          Headers = [Content-Type:"application/json;charset=UTF-8", Accept:"application/json", Content-Length:"52"]
             Body = {"taskType":"CONSUMER","parameters":["thisisatest"]}
    Session Attrs = {}

Handler:
             Type = com.xdesign.cake.controller.OptionalController
           Method = com.xdesign.cake.controller.OptionalController#runLearningMaterial(Task)

Async:
    Async started = false
     Async result = null

Resolved Exception:
             Type = null

ModelAndView:
        View name = null
             View = null
            Model = null

FlashMap:
       Attributes = null

MockHttpServletResponse:
           Status = 200
    Error message = null
          Headers = [Content-Type:"application/json"]
     Content type = application/json
             Body = {"type":"CONSUMER","value":"tsetasisiht","sourceCode":null,"description":null}
    Forwarded URL = null
   Redirected URL = null
          Cookies = []

MockHttpServletRequest:
      HTTP Method = GET
      Request URI = /java/optional
       Parameters = {}
          Headers = [Content-Type:"application/json;charset=UTF-8", Accept:"application/json", Content-Length:"53"]
             Body = {"taskType":"PREDICATE","parameters":["thisisatest"]}
    Session Attrs = {}

Handler:
             Type = com.xdesign.cake.controller.OptionalController
           Method = com.xdesign.cake.controller.OptionalController#runLearningMaterial(Task)

Async:
    Async started = false
     Async result = null

Resolved Exception:
             Type = null

ModelAndView:
        View name = null
             View = null
            Model = null

FlashMap:
       Attributes = null

MockHttpServletResponse:
           Status = 200
    Error message = null
          Headers = [Content-Type:"application/json"]
     Content type = application/json
             Body = {"type":"PREDICATE","value":"tsetasisiht","sourceCode":null,"description":null}
    Forwarded URL = null
   Redirected URL = null
          Cookies = []

MockHttpServletRequest:
      HTTP Method = GET
      Request URI = /java/optional
       Parameters = {}
          Headers = [Content-Type:"application/json;charset=UTF-8", Accept:"application/json", Content-Length:"52"]
             Body = {"taskType":"SUPPLIER","parameters":["thisisatest"]}
    Session Attrs = {}

Handler:
             Type = com.xdesign.cake.controller.OptionalController
           Method = com.xdesign.cake.controller.OptionalController#runLearningMaterial(Task)

Async:
    Async started = false
     Async result = null

Resolved Exception:
             Type = null

ModelAndView:
        View name = null
             View = null
            Model = null

FlashMap:
       Attributes = null

MockHttpServletResponse:
           Status = 200
    Error message = null
          Headers = [Content-Type:"application/json"]
     Content type = application/json
             Body = {"type":"SUPPLIER","value":"tsetasisiht","sourceCode":null,"description":null}
    Forwarded URL = null
   Redirected URL = null
          Cookies = []

MockHttpServletRequest:
      HTTP Method = GET
      Request URI = /java/optional
       Parameters = {}
          Headers = [Content-Type:"application/json;charset=UTF-8", Accept:"application/json", Content-Length:"54"]
             Body = {"taskType":"BIFUNCTION","parameters":["thisisatest"]}
    Session Attrs = {}

Handler:
             Type = com.xdesign.cake.controller.OptionalController
           Method = com.xdesign.cake.controller.OptionalController#runLearningMaterial(Task)

Async:
    Async started = false
     Async result = null

Resolved Exception:
             Type = null

ModelAndView:
        View name = null
             View = null
            Model = null

FlashMap:
       Attributes = null

MockHttpServletResponse:
           Status = 200
    Error message = null
          Headers = [Content-Type:"application/json"]
     Content type = application/json
             Body = {"type":"BIFUNCTION","value":"tsetasisiht","sourceCode":null,"description":null}
    Forwarded URL = null
   Redirected URL = null
          Cookies = []

MockHttpServletRequest:
      HTTP Method = GET
      Request URI = /java/optional
       Parameters = {}
          Headers = [Content-Type:"application/json;charset=UTF-8", Accept:"application/json", Content-Length:"52"]
             Body = {"taskType":"CREATION","parameters":["thisisatest"]}
    Session Attrs = {}

Handler:
             Type = com.xdesign.cake.controller.OptionalController
           Method = com.xdesign.cake.controller.OptionalController#runLearningMaterial(Task)

Async:
    Async started = false
     Async result = null

Resolved Exception:
             Type = null

ModelAndView:
        View name = null
             View = null
            Model = null

FlashMap:
       Attributes = null

MockHttpServletResponse:
           Status = 200
    Error message = null
          Headers = [Content-Type:"application/json"]
     Content type = application/json
             Body = {"type":"CREATION","value":"tsetasisiht","sourceCode":null,"description":null}
    Forwarded URL = null
   Redirected URL = null
          Cookies = []

MockHttpServletRequest:
      HTTP Method = GET
      Request URI = /java/optional
       Parameters = {}
          Headers = [Content-Type:"application/json;charset=UTF-8", Accept:"application/json", Content-Length:"54"]
             Body = {"taskType":"PREDICATE2","parameters":["thisisatest"]}
    Session Attrs = {}

Handler:
             Type = com.xdesign.cake.controller.OptionalController
           Method = com.xdesign.cake.controller.OptionalController#runLearningMaterial(Task)

Async:
    Async started = false
     Async result = null

Resolved Exception:
             Type = null

ModelAndView:
        View name = null
             View = null
            Model = null

FlashMap:
       Attributes = null

MockHttpServletResponse:
           Status = 200
    Error message = null
          Headers = [Content-Type:"application/json"]
     Content type = application/json
             Body = {"type":"PREDICATE2","value":"tsetasisiht","sourceCode":null,"description":null}
    Forwarded URL = null
   Redirected URL = null
          Cookies = []

MockHttpServletRequest:
      HTTP Method = GET
      Request URI = /java/optional
       Parameters = {}
          Headers = [Content-Type:"application/json;charset=UTF-8", Accept:"application/json", Content-Length:"55"]
             Body = {"taskType":"CHECK_VALUE","parameters":["thisisatest"]}
    Session Attrs = {}

Handler:
             Type = com.xdesign.cake.controller.OptionalController
           Method = com.xdesign.cake.controller.OptionalController#runLearningMaterial(Task)

Async:
    Async started = false
     Async result = null

Resolved Exception:
             Type = null

ModelAndView:
        View name = null
             View = null
            Model = null

FlashMap:
       Attributes = null

MockHttpServletResponse:
           Status = 200
    Error message = null
          Headers = [Content-Type:"application/json"]
     Content type = application/json
             Body = {"type":"CHECK_VALUE","value":"tsetasisiht","sourceCode":null,"description":null}
    Forwarded URL = null
   Redirected URL = null
          Cookies = []
]]></system-out>
  <system-err><![CDATA[]]></system-err>
</testsuite>
