<?xml version="1.0" encoding="UTF-8"?>
<testsuite name="com.xdesign.cake.slash.learning.ContentsCommandTest" tests="2" skipped="0" failures="0" errors="0" timestamp="2022-12-16T15:22:57" hostname="TN4L5WKY63" time="0.327">
  <properties/>
  <testcase name="shouldGetContentsMessage()" classname="com.xdesign.cake.slash.learning.ContentsCommandTest" time="0.323"/>
  <testcase name="shouldReturnResponseWithContents()" classname="com.xdesign.cake.slash.learning.ContentsCommandTest" time="0.003"/>
  <system-out><![CDATA[]]></system-out>
  <system-err><![CDATA[]]></system-err>
</testsuite>
