<?xml version="1.0" encoding="UTF-8"?>
<testsuite name="com.xdesign.hackronym.HackronymApplicationTests" tests="1" skipped="0" failures="0" errors="0" timestamp="2023-01-18T14:38:50" hostname="TN4L5WKY63" time="0.15">
  <properties/>
  <testcase name="contextLoads()" classname="com.xdesign.hackronym.HackronymApplicationTests" time="0.15"/>
  <system-out><![CDATA[14:38:40.069 [Test worker] DEBUG org.springframework.test.context.BootstrapUtils - Instantiating CacheAwareContextLoaderDelegate from class [org.springframework.test.context.cache.DefaultCacheAwareContextLoaderDelegate]
14:38:40.080 [Test worker] DEBUG org.springframework.test.context.BootstrapUtils - Instantiating BootstrapContext using constructor [public org.springframework.test.context.support.DefaultBootstrapContext(java.lang.Class,org.springframework.test.context.CacheAwareContextLoaderDelegate)]
14:38:40.134 [Test worker] DEBUG org.springframework.test.context.BootstrapUtils - Instantiating TestContextBootstrapper for test class [com.xdesign.hackronym.HackronymApplicationTests] from class [org.springframework.boot.test.context.SpringBootTestContextBootstrapper]
14:38:40.145 [Test worker] INFO org.springframework.boot.test.context.SpringBootTestContextBootstrapper - Neither @ContextConfiguration nor @ContextHierarchy found for test class [com.xdesign.hackronym.HackronymApplicationTests], using SpringBootContextLoader
14:38:40.150 [Test worker] DEBUG org.springframework.test.context.support.AbstractContextLoader - Did not detect default resource location for test class [com.xdesign.hackronym.HackronymApplicationTests]: class path resource [com/xdesign/hackronym/HackronymApplicationTests-context.xml] does not exist
14:38:40.153 [Test worker] DEBUG org.springframework.test.context.support.AbstractContextLoader - Did not detect default resource location for test class [com.xdesign.hackronym.HackronymApplicationTests]: class path resource [com/xdesign/hackronym/HackronymApplicationTestsContext.groovy] does not exist
14:38:40.154 [Test worker] INFO org.springframework.test.context.support.AbstractContextLoader - Could not detect default resource locations for test class [com.xdesign.hackronym.HackronymApplicationTests]: no resource found for suffixes {-context.xml, Context.groovy}.
14:38:40.154 [Test worker] INFO org.springframework.test.context.support.AnnotationConfigContextLoaderUtils - Could not detect default configuration classes for test class [com.xdesign.hackronym.HackronymApplicationTests]: HackronymApplicationTests does not declare any static, non-private, non-final, nested classes annotated with @Configuration.
14:38:40.213 [Test worker] DEBUG org.springframework.test.context.support.ActiveProfilesUtils - Could not find an 'annotation declaring class' for annotation type [org.springframework.test.context.ActiveProfiles] and class [com.xdesign.hackronym.HackronymApplicationTests]
14:38:40.299 [Test worker] DEBUG org.springframework.context.annotation.ClassPathScanningCandidateComponentProvider - Identified candidate component class: file [/Users/mikesmith/code/personal/hackronym/build/classes/java/main/com/xdesign/hackronym/HackronymApplication.class]
14:38:40.302 [Test worker] INFO org.springframework.boot.test.context.SpringBootTestContextBootstrapper - Found @SpringBootConfiguration com.xdesign.hackronym.HackronymApplication for test class com.xdesign.hackronym.HackronymApplicationTests
14:38:40.406 [Test worker] DEBUG org.springframework.boot.test.context.SpringBootTestContextBootstrapper - @TestExecutionListeners is not present for class [com.xdesign.hackronym.HackronymApplicationTests]: using defaults.
14:38:40.407 [Test worker] INFO org.springframework.boot.test.context.SpringBootTestContextBootstrapper - Loaded default TestExecutionListener class names from location [META-INF/spring.factories]: [org.springframework.boot.test.autoconfigure.restdocs.RestDocsTestExecutionListener, org.springframework.boot.test.autoconfigure.web.client.MockRestServiceServerResetTestExecutionListener, org.springframework.boot.test.autoconfigure.web.servlet.MockMvcPrintOnlyOnFailureTestExecutionListener, org.springframework.boot.test.autoconfigure.web.servlet.WebDriverTestExecutionListener, org.springframework.boot.test.autoconfigure.webservices.client.MockWebServiceServerTestExecutionListener, org.springframework.boot.test.mock.mockito.MockitoTestExecutionListener, org.springframework.boot.test.mock.mockito.ResetMocksTestExecutionListener, org.springframework.test.context.web.ServletTestExecutionListener, org.springframework.test.context.support.DirtiesContextBeforeModesTestExecutionListener, org.springframework.test.context.event.ApplicationEventsTestExecutionListener, org.springframework.test.context.support.DependencyInjectionTestExecutionListener, org.springframework.test.context.support.DirtiesContextTestExecutionListener, org.springframework.test.context.transaction.TransactionalTestExecutionListener, org.springframework.test.context.jdbc.SqlScriptsTestExecutionListener, org.springframework.test.context.event.EventPublishingTestExecutionListener]
14:38:40.424 [Test worker] INFO org.springframework.boot.test.context.SpringBootTestContextBootstrapper - Using TestExecutionListeners: [org.springframework.test.context.web.ServletTestExecutionListener@4593ff34, org.springframework.test.context.support.DirtiesContextBeforeModesTestExecutionListener@37d3d232, org.springframework.test.context.event.ApplicationEventsTestExecutionListener@30c0ccff, org.springframework.boot.test.mock.mockito.MockitoTestExecutionListener@581d969c, org.springframework.boot.test.autoconfigure.SpringBootDependencyInjectionTestExecutionListener@22db8f4, org.springframework.test.context.support.DirtiesContextTestExecutionListener@2b46a8c1, org.springframework.test.context.transaction.TransactionalTestExecutionListener@1d572e62, org.springframework.test.context.jdbc.SqlScriptsTestExecutionListener@29caf222, org.springframework.test.context.event.EventPublishingTestExecutionListener@46cf05f7, org.springframework.boot.test.autoconfigure.restdocs.RestDocsTestExecutionListener@5851bd4f, org.springframework.boot.test.autoconfigure.web.client.MockRestServiceServerResetTestExecutionListener@7cd1ac19, org.springframework.boot.test.autoconfigure.web.servlet.MockMvcPrintOnlyOnFailureTestExecutionListener@2f40a43, org.springframework.boot.test.autoconfigure.web.servlet.WebDriverTestExecutionListener@3caa4757, org.springframework.boot.test.autoconfigure.webservices.client.MockWebServiceServerTestExecutionListener@69c43e48, org.springframework.boot.test.mock.mockito.ResetMocksTestExecutionListener@1804f60d]
14:38:40.429 [Test worker] DEBUG org.springframework.test.context.support.AbstractDirtiesContextTestExecutionListener - Before test class: context [DefaultTestContext@1cfd1875 testClass = HackronymApplicationTests, testInstance = [null], testMethod = [null], testException = [null], mergedContextConfiguration = [WebMergedContextConfiguration@28c0b664 testClass = HackronymApplicationTests, locations = '{}', classes = '{class com.xdesign.hackronym.HackronymApplication}', contextInitializerClasses = '[]', activeProfiles = '{}', propertySourceLocations = '{}', propertySourceProperties = '{org.springframework.boot.test.context.SpringBootTestContextBootstrapper=true}', contextCustomizers = set[org.springframework.boot.test.autoconfigure.actuate.metrics.MetricsExportContextCustomizerFactory$DisableMetricExportContextCustomizer@58fe0499, org.springframework.boot.test.autoconfigure.properties.PropertyMappingContextCustomizer@0, org.springframework.boot.test.autoconfigure.web.servlet.WebDriverContextCustomizerFactory$Customizer@75390459, org.springframework.boot.test.context.filter.ExcludeFilterContextCustomizer@57fd91c9, org.springframework.boot.test.json.DuplicateJsonObjectContextCustomizerFactory$DuplicateJsonObjectContextCustomizer@565b064f, org.springframework.boot.test.mock.mockito.MockitoContextCustomizer@0, org.springframework.boot.test.web.client.TestRestTemplateContextCustomizer@63b1d4fa, org.springframework.boot.test.context.SpringBootTestArgs@1, org.springframework.boot.test.context.SpringBootTestWebEnvironment@34129c78], resourceBasePath = 'src/main/webapp', contextLoader = 'org.springframework.boot.test.context.SpringBootContextLoader', parent = [null]], attributes = map['org.springframework.test.context.web.ServletTestExecutionListener.activateListener' -> true]], class annotated with @DirtiesContext [false] with mode [null].
  /\  /\__ _  ___| | ___ __ ___  _ __  _   _ _ __ ___
 / /_/ / _` |/ __| |/ / '__/ _ \| '_ \| | | | '_ ` _ \ 
/ __  / (_| | (__|   <| | | (_) | | | | |_| | | | | | |
\/ /_/ \__,_|\___|_|\_\_|  \___/|_| |_|\__, |_| |_| |_|
                                       |___/           
2023-01-18 14:38:43.393  INFO 1417 --- [    Test worker] c.x.hackronym.HackronymApplicationTests  : Starting HackronymApplicationTests using Java 11.0.14.1 on TN4L5WKY63 with PID 1417 (started by mikesmith in /Users/mikesmith/code/personal/hackronym)
2023-01-18 14:38:43.396  INFO 1417 --- [    Test worker] c.x.hackronym.HackronymApplicationTests  : No active profile set, falling back to 1 default profile: "default"
2023-01-18 14:38:44.939  INFO 1417 --- [    Test worker] .s.d.r.c.RepositoryConfigurationDelegate : Bootstrapping Spring Data JPA repositories in DEFAULT mode.
2023-01-18 14:38:45.055  INFO 1417 --- [    Test worker] .s.d.r.c.RepositoryConfigurationDelegate : Finished Spring Data repository scanning in 102 ms. Found 1 JPA repository interfaces.
2023-01-18 14:38:45.627  INFO 1417 --- [    Test worker] trationDelegate$BeanPostProcessorChecker : Bean 'hackronymConfig' of type [com.xdesign.hackronym.config.HackronymConfig$$EnhancerBySpringCGLIB$$ca2ac29e] is not eligible for getting processed by all BeanPostProcessors (for example: not eligible for auto-proxying)
2023-01-18 14:38:46.087  INFO 1417 --- [    Test worker] trationDelegate$BeanPostProcessorChecker : Bean 'hackronymApp' of type [com.slack.api.bolt.App] is not eligible for getting processed by all BeanPostProcessors (for example: not eligible for auto-proxying)
2023-01-18 14:38:46.553  INFO 1417 --- [    Test worker] com.zaxxer.hikari.HikariDataSource       : HikariPool-1 - Starting...
2023-01-18 14:38:46.955  INFO 1417 --- [    Test worker] com.zaxxer.hikari.HikariDataSource       : HikariPool-1 - Start completed.
2023-01-18 14:38:47.119  INFO 1417 --- [    Test worker] o.hibernate.jpa.internal.util.LogHelper  : HHH000204: Processing PersistenceUnitInfo [name: default]
2023-01-18 14:38:47.186  INFO 1417 --- [    Test worker] org.hibernate.Version                    : HHH000412: Hibernate ORM core version 5.6.10.Final
2023-01-18 14:38:47.470  INFO 1417 --- [    Test worker] o.hibernate.annotations.common.Version   : HCANN000001: Hibernate Commons Annotations {5.1.2.Final}
2023-01-18 14:38:47.582  INFO 1417 --- [    Test worker] org.hibernate.dialect.Dialect            : HHH000400: Using dialect: org.hibernate.dialect.MySQL57Dialect
2023-01-18 14:38:48.178  INFO 1417 --- [    Test worker] o.h.e.t.j.p.i.JtaPlatformInitiator       : HHH000490: Using JtaPlatform implementation: [org.hibernate.engine.transaction.jta.platform.internal.NoJtaPlatform]
2023-01-18 14:38:48.188  INFO 1417 --- [    Test worker] j.LocalContainerEntityManagerFactoryBean : Initialized JPA EntityManagerFactory for persistence unit 'default'
2023-01-18 14:38:48.255  INFO 1417 --- [    Test worker] c.x.h.e.b.EventListenerBeanPostProcessor : Registering event : com.slack.api.model.event.AppHomeOpenedEvent
2023-01-18 14:38:48.819  INFO 1417 --- [    Test worker] c.x.h.s.b.SlashCommandBeanPostProcessor  : Processing slash command : whatonearthis
2023-01-18 14:38:48.834  INFO 1417 --- [    Test worker] c.x.h.s.b.SlashCommandBeanPostProcessor  : registering slash command : /whatonearthis with bean : com.xdesign.hackronym.slash.acronym.AcronymCommand
2023-01-18 14:38:49.172  WARN 1417 --- [    Test worker] JpaBaseConfiguration$JpaWebConfiguration : spring.jpa.open-in-view is enabled by default. Therefore, database queries may be performed during view rendering. Explicitly configure spring.jpa.open-in-view to disable this warning
2023-01-18 14:38:50.688  INFO 1417 --- [    Test worker] o.s.b.a.e.web.EndpointLinksResolver      : Exposing 1 endpoint(s) beneath base path '/actuator'
2023-01-18 14:38:50.768  INFO 1417 --- [    Test worker] c.x.hackronym.HackronymApplicationTests  : Started HackronymApplicationTests in 10.21 seconds (JVM running for 11.944)
]]></system-out>
  <system-err><![CDATA[]]></system-err>
</testsuite>
