<?xml version="1.0" encoding="UTF-8"?>
<testsuite name="com.xdesign.cake.demonstrators.streams.ForEachDemonstratorTest" tests="1" skipped="0" failures="0" errors="0" timestamp="2022-12-16T15:22:57" hostname="TN4L5WKY63" time="0.002">
  <properties/>
  <testcase name="shouldOutputAllWordsPassedToTheConsole()" classname="com.xdesign.cake.demonstrators.streams.ForEachDemonstratorTest" time="0.002"/>
  <system-out><![CDATA[]]></system-out>
  <system-err><![CDATA[]]></system-err>
</testsuite>
